e:\project smt 4\project komgraf space impact\project komgraf space impact\loderunner\debug\vc140.pdb
e:\project smt 4\project komgraf space impact\project komgraf space impact\loderunner\debug\vc140.idb
e:\project smt 4\project komgraf space impact\project komgraf space impact\loderunner\debug\canimation.obj
e:\project smt 4\project komgraf space impact\project komgraf space impact\loderunner\debug\canimcontrol.obj
e:\project smt 4\project komgraf space impact\project komgraf space impact\loderunner\debug\cscene.obj
e:\project smt 4\project komgraf space impact\project komgraf space impact\loderunner\debug\csprite.obj
e:\project smt 4\project komgraf space impact\project komgraf space impact\loderunner\debug\gameobject.obj
e:\project smt 4\project komgraf space impact\project komgraf space impact\loderunner\debug\clevel1scene.obj
e:\project smt 4\project komgraf space impact\project komgraf space impact\loderunner\debug\glutmain.obj
e:\project smt 4\project komgraf space impact\project komgraf space impact\loderunner\debug\cassetmanager.obj
e:\project smt 4\project komgraf space impact\project komgraf space impact\loderunner\debug\cenemy.obj
e:\project smt 4\project komgraf space impact\project komgraf space impact\loderunner\debug\cgame.obj
e:\project smt 4\project komgraf space impact\project komgraf space impact\loderunner\debug\cmenuscene.obj
e:\project smt 4\project komgraf space impact\project komgraf space impact\loderunner\debug\cpelor.obj
e:\project smt 4\project komgraf space impact\project komgraf space impact\loderunner\debug\cplayer.obj
e:\project smt 4\project komgraf space impact\project komgraf space impact\loderunner\debug\csound.obj
e:\project smt 4\project komgraf space impact\project komgraf space impact\loderunner\debug\ctexture.obj
e:\project smt 4\project komgraf space impact\project komgraf space impact\loderunner\debug\ctower.obj
e:\project smt 4\project komgraf space impact\project komgraf space impact\debug\shared framework.ilk
e:\project smt 4\project komgraf space impact\project komgraf space impact\debug\shared framework.exe
e:\project smt 4\project komgraf space impact\project komgraf space impact\debug\shared framework.pdb
e:\project smt 4\project komgraf space impact\project komgraf space impact\loderunner\debug\cmenuscene.obj.enc
e:\project smt 4\project komgraf space impact\project komgraf space impact\loderunner\debug\shared framework.tlog\cl.command.1.tlog
e:\project smt 4\project komgraf space impact\project komgraf space impact\loderunner\debug\shared framework.tlog\cl.read.1.tlog
e:\project smt 4\project komgraf space impact\project komgraf space impact\loderunner\debug\shared framework.tlog\cl.write.1.tlog
e:\project smt 4\project komgraf space impact\project komgraf space impact\loderunner\debug\shared framework.tlog\link.command.1.tlog
e:\project smt 4\project komgraf space impact\project komgraf space impact\loderunner\debug\shared framework.tlog\link.read.1.tlog
e:\project smt 4\project komgraf space impact\project komgraf space impact\loderunner\debug\shared framework.tlog\link.write.1.tlog
